0 info it worked if it ends with ok
1 verbose cli [ 'node', '/usr/local/bin/npm', 'start' ]
2 info using npm@2.12.1
3 info using node@v0.12.7
4 verbose run-script [ 'prestart', 'start', 'poststart' ]
5 info prestart greenfield@0.0.0
6 info start greenfield@0.0.0
7 verbose unsafe-perm in lifecycle true
8 info greenfield@0.0.0 Failed to exec start script
9 verbose stack Error: greenfield@0.0.0 start: `nodemon app.js`
9 verbose stack spawn sh EAGAIN
9 verbose stack     at exports._errnoException (util.js:746:11)
9 verbose stack     at Process.ChildProcess._handle.onexit (child_process.js:1053:32)
9 verbose stack     at child_process.js:1144:20
9 verbose stack     at process._tickCallback (node.js:355:11)
10 verbose pkgid greenfield@0.0.0
11 verbose cwd /Users/BlaineKillen/Documents/Source/HackReactor/coursework/projects/carbonicTamale/db
12 error Darwin 15.0.0
13 error argv "node" "/usr/local/bin/npm" "start"
14 error node v0.12.7
15 error npm  v2.12.1
16 error file sh
17 error path sh
18 error code ELIFECYCLE
19 error errno EAGAIN
20 error syscall spawn sh
21 error greenfield@0.0.0 start: `nodemon app.js`
21 error spawn sh EAGAIN
22 error Failed at the greenfield@0.0.0 start script 'nodemon app.js'.
22 error This is most likely a problem with the greenfield package,
22 error not with npm itself.
22 error Tell the author that this fails on your system:
22 error     nodemon app.js
22 error You can get their info via:
22 error     npm owner ls greenfield
22 error There is likely additional logging output above.
23 verbose exit [ 1, true ]
